This is pTeXk, Version 3.141592-p3.1.10 (euc) (Web2C 7.5.6) (format=platex 2014.5.23)  30 NOV 2015 18:42
 %&-line parsing enabled.
**report.euc
(./report.euc.tex
pLaTeX2e <2006/11/10>+0 (based on LaTeX2e <2005/12/01> patch level 0)
(/usr/share/texmf/ptex/platex/base/jarticle.cls
Document Class: jarticle 2006/06/27 v1.6 Standard pLaTeX class
\c@@paper=\count81
(/usr/share/texmf/ptex/platex/base/jsize10.clo
File: jsize10.clo 2006/06/27 v1.6 Standard pLaTeX file (size option)
)
\c@part=\count82
\c@section=\count83
\c@subsection=\count84
\c@subsubsection=\count85
\c@paragraph=\count86
\c@subparagraph=\count87
\c@figure=\count88
\c@table=\count89
\abovecaptionskip=\skip41
\belowcaptionskip=\skip42
\symmincho=\mathgroup4
LaTeX Font Info:    Overwriting symbol font `mincho' in version `bold'
(Font)                  JY1/mc/m/n --> JY1/gt/m/n on input line 601.
\toclineskip=\dimen118
\@lnumwidth=\dimen119
\bibindent=\dimen120
\heisei=\count90
)
(/usr/share/texmf/tex/latex/graphics/graphicx.sty
Package: graphicx 1999/02/16 v1.0f Enhanced LaTeX Graphics (DPC,SPQR)

(/usr/share/texmf/tex/latex/graphics/keyval.sty
Package: keyval 1999/03/16 v1.13 key=value parser (DPC)
\KV@toks@=\toks15
)
(/usr/share/texmf/tex/latex/graphics/graphics.sty
Package: graphics 2006/02/20 v1.0o Standard LaTeX Graphics (DPC,SPQR)

(/usr/share/texmf/tex/latex/graphics/trig.sty
Package: trig 1999/03/16 v1.09 sin cos tan (DPC)
)
(/usr/share/texmf/tex/latex/config/graphics.cfg
File: graphics.cfg 2007/01/18 v1.5 graphics configuration of teTeX/TeXLive
)
Package graphics Info: Driver file: dvips.def on input line 90.

(/usr/share/texmf/tex/latex/graphics/dvips.def
File: dvips.def 1999/02/16 v3.0i Driver-dependant file (DPC,SPQR)
))
\Gin@req@height=\dimen121
\Gin@req@width=\dimen122
) (./report.euc.aux)
\openout1 = `report.euc.aux'.

LaTeX Font Info:    Checking defaults for OML/cmm/m/it on input line 10.
LaTeX Font Info:    ... okay on input line 10.
LaTeX Font Info:    Checking defaults for T1/cmr/m/n on input line 10.
LaTeX Font Info:    ... okay on input line 10.
LaTeX Font Info:    Checking defaults for OT1/cmr/m/n on input line 10.
LaTeX Font Info:    ... okay on input line 10.
LaTeX Font Info:    Checking defaults for OMS/cmsy/m/n on input line 10.
LaTeX Font Info:    ... okay on input line 10.
LaTeX Font Info:    Checking defaults for OMX/cmex/m/n on input line 10.
LaTeX Font Info:    ... okay on input line 10.
LaTeX Font Info:    Checking defaults for U/cmr/m/n on input line 10.
LaTeX Font Info:    ... okay on input line 10.
LaTeX Font Info:    Checking defaults for JY1/mc/m/n on input line 10.
LaTeX Font Info:    ... okay on input line 10.
LaTeX Font Info:    Checking defaults for JT1/mc/m/n on input line 10.
LaTeX Font Info:    ... okay on input line 10.
LaTeX Font Info:    External font `cmex10' loaded for size
(Font)              <12> on input line 11.
LaTeX Font Info:    External font `cmex10' loaded for size
(Font)              <8> on input line 11.
LaTeX Font Info:    External font `cmex10' loaded for size
(Font)              <6> on input line 11.
LaTeX Font Info:    Font shape `JT1/mc/bx/n' in size <14.4> not available
(Font)              Font shape `JT1/gt/m/n' tried instead on input line 13.
LaTeX Font Info:    Font shape `JY1/mc/bx/n' in size <14.4> not available
(Font)              Font shape `JY1/gt/m/n' tried instead on input line 13.
LaTeX Font Info:    External font `cmex10' loaded for size
(Font)              <7> on input line 34.
LaTeX Font Info:    External font `cmex10' loaded for size
(Font)              <5> on input line 34.
File: sangen.jpg Graphic file (type eps)

<sangen.jpg>
Overfull \hbox (22.26634pt too wide) in paragraph at lines 36--37
[][] 
 []

File: fileR.jpg Graphic file (type eps)
<fileR.jpg>
Overfull \hbox (22.26634pt too wide) in paragraph at lines 40--41
[][] 
 []

File: fileG.jpg Graphic file (type eps)
<fileG.jpg>
Overfull \hbox (22.26634pt too wide) in paragraph at lines 46--47
[][] 
 []

File: fileB.jpg Graphic file (type eps)
<fileB.jpg>
Overfull \hbox (22.26634pt too wide) in paragraph at lines 50--51
[][] 
 []


Overfull \hbox (15.33333pt too wide) in paragraph at lines 34--54
[][]
 []


Overfull \hbox (15.33333pt too wide) in paragraph at lines 34--54
[] 
 []

[1

] [2] (./report.euc.aux) ) 
Here is how much of TeX's memory you used:
 610 strings out of 257674
 6853 string characters out of 1941521
 57354 words of memory out of 1500000
 3815 multiletter control sequences out of 10000+200000
 13256 words of font info for 52 fonts, out of 1200000 for 2000
 14 hyphenation exceptions out of 8191
 25i,12n,19p,183b,508s stack positions out of 5000i,500n,6000p,200000b,15000s

Output written on report.euc.dvi (2 pages, 2604 bytes).
